

*******************************************************************************
Wed Oct 12 20:04:16 2016


FIT:    data read from 'MHACONVERT.dat'
        format = z
        #datapoints = 9
        residuals are weighted equally (unit weight)

function used for fitting: f(x)
	f(x) = a/exp(x*b)
fitted parameters initialized with current variable values

iter      chisq       delta/lim  lambda   a             b            
   0 1.3318720103e+03   0.00e+00  6.90e-01    1.000000e+00   1.000000e-04
   6 2.6460020535e+00  -1.82e-02  6.90e-07    1.920912e+01   2.432348e-03

After 6 iterations the fit converged.
final sum of squares of residuals : 2.646
rel. change during last iteration : -1.81597e-07

degrees of freedom    (FIT_NDF)                        : 7
rms of residuals      (FIT_STDFIT) = sqrt(WSSR/ndf)    : 0.614817
variance of residuals (reduced chisquare) = WSSR/ndf   : 0.378

Final set of parameters            Asymptotic Standard Error
=======================            ==========================
a               = 19.2091          +/- 0.3909       (2.035%)
b               = 0.00243235       +/- 0.00013      (5.344%)

correlation matrix of the fit parameters:
                a      b      
a               1.000 
b               0.636  1.000 


*******************************************************************************
Wed Oct 12 20:04:58 2016


FIT:    data read from 'MHACONVERT.dat'
        format = z
        #datapoints = 9
        residuals are weighted equally (unit weight)

function used for fitting: f(x)
	f(x) = a/exp(x*b)
fitted parameters initialized with current variable values

iter      chisq       delta/lim  lambda   a             b            
   0 1.3318720103e+03   0.00e+00  6.90e-01    1.000000e+00   1.000000e-04
   6 2.6460020535e+00  -1.82e-02  6.90e-07    1.920912e+01   2.432348e-03

After 6 iterations the fit converged.
final sum of squares of residuals : 2.646
rel. change during last iteration : -1.81597e-07

degrees of freedom    (FIT_NDF)                        : 7
rms of residuals      (FIT_STDFIT) = sqrt(WSSR/ndf)    : 0.614817
variance of residuals (reduced chisquare) = WSSR/ndf   : 0.378

Final set of parameters            Asymptotic Standard Error
=======================            ==========================
a               = 19.2091          +/- 0.3909       (2.035%)
b               = 0.00243235       +/- 0.00013      (5.344%)

correlation matrix of the fit parameters:
                a      b      
a               1.000 
b               0.636  1.000 


*******************************************************************************
Wed Oct 12 20:05:35 2016


FIT:    data read from 'MHACONVERT.dat'
        format = z
        #datapoints = 9
        residuals are weighted equally (unit weight)

function used for fitting: f(x)
	f(x) = a/exp(x*b)
fitted parameters initialized with current variable values

iter      chisq       delta/lim  lambda   a             b            
   0 1.3318720103e+03   0.00e+00  6.90e-01    1.000000e+00   1.000000e-04
   6 2.6460020535e+00  -1.82e-02  6.90e-07    1.920912e+01   2.432348e-03

After 6 iterations the fit converged.
final sum of squares of residuals : 2.646
rel. change during last iteration : -1.81597e-07

degrees of freedom    (FIT_NDF)                        : 7
rms of residuals      (FIT_STDFIT) = sqrt(WSSR/ndf)    : 0.614817
variance of residuals (reduced chisquare) = WSSR/ndf   : 0.378

Final set of parameters            Asymptotic Standard Error
=======================            ==========================
a               = 19.2091          +/- 0.3909       (2.035%)
b               = 0.00243235       +/- 0.00013      (5.344%)

correlation matrix of the fit parameters:
                a      b      
a               1.000 
b               0.636  1.000 


*******************************************************************************
Wed Oct 12 20:07:24 2016


FIT:    data read from 'MHACONVERT.dat'
        format = z
        #datapoints = 9
        residuals are weighted equally (unit weight)

function used for fitting: f(x)
	f(x) = a/exp(x*b)
fitted parameters initialized with current variable values

iter      chisq       delta/lim  lambda   a             b            
   0 1.3318720103e+03   0.00e+00  6.90e-01    1.000000e+00   1.000000e-04
   6 2.6460020535e+00  -1.82e-02  6.90e-07    1.920912e+01   2.432348e-03

After 6 iterations the fit converged.
final sum of squares of residuals : 2.646
rel. change during last iteration : -1.81597e-07

degrees of freedom    (FIT_NDF)                        : 7
rms of residuals      (FIT_STDFIT) = sqrt(WSSR/ndf)    : 0.614817
variance of residuals (reduced chisquare) = WSSR/ndf   : 0.378

Final set of parameters            Asymptotic Standard Error
=======================            ==========================
a               = 19.2091          +/- 0.3909       (2.035%)
b               = 0.00243235       +/- 0.00013      (5.344%)

correlation matrix of the fit parameters:
                a      b      
a               1.000 
b               0.636  1.000 


*******************************************************************************
Wed Oct 12 21:20:23 2016


FIT:    data read from 'MHA.dat'
        format = z
        #datapoints = 9
        residuals are weighted equally (unit weight)

function used for fitting: f(x)
	f(x) = a/exp(x*b)
fitted parameters initialized with current variable values

iter      chisq       delta/lim  lambda   a             b            
   0 1.3318720103e+03   0.00e+00  6.90e-01    1.000000e+00   1.000000e-04
   6 2.6460020535e+00  -1.82e-02  6.90e-07    1.920912e+01   2.432348e-03

After 6 iterations the fit converged.
final sum of squares of residuals : 2.646
rel. change during last iteration : -1.81597e-07

degrees of freedom    (FIT_NDF)                        : 7
rms of residuals      (FIT_STDFIT) = sqrt(WSSR/ndf)    : 0.614817
variance of residuals (reduced chisquare) = WSSR/ndf   : 0.378

Final set of parameters            Asymptotic Standard Error
=======================            ==========================
a               = 19.2091          +/- 0.3909       (2.035%)
b               = 0.00243235       +/- 0.00013      (5.344%)

correlation matrix of the fit parameters:
                a      b      
a               1.000 
b               0.636  1.000 


*******************************************************************************
Wed Oct 12 21:21:38 2016


FIT:    data read from 'MHA.dat'
        format = z
        #datapoints = 9
        residuals are weighted equally (unit weight)

function used for fitting: f(x)
	f(x) = a/exp(x*b)
fitted parameters initialized with current variable values

iter      chisq       delta/lim  lambda   a             b            
   0 1.3318720103e+03   0.00e+00  6.90e-01    1.000000e+00   1.000000e-04
   6 2.6460020535e+00  -1.82e-02  6.90e-07    1.920912e+01   2.432348e-03

After 6 iterations the fit converged.
final sum of squares of residuals : 2.646
rel. change during last iteration : -1.81597e-07

degrees of freedom    (FIT_NDF)                        : 7
rms of residuals      (FIT_STDFIT) = sqrt(WSSR/ndf)    : 0.614817
variance of residuals (reduced chisquare) = WSSR/ndf   : 0.378

Final set of parameters            Asymptotic Standard Error
=======================            ==========================
a               = 19.2091          +/- 0.3909       (2.035%)
b               = 0.00243235       +/- 0.00013      (5.344%)

correlation matrix of the fit parameters:
                a      b      
a               1.000 
b               0.636  1.000 


*******************************************************************************
Wed Oct 12 21:22:59 2016


FIT:    data read from 'MHA.dat'
        format = z
        x range restricted to [0.00000 : 25.0000]
BREAK: No data to fit

*******************************************************************************
Wed Oct 12 21:23:26 2016


FIT:    data read from 'MHA.dat'
        format = z
        x range restricted to [-800.000 : 800.000]
        #datapoints = 9
        residuals are weighted equally (unit weight)

function used for fitting: f(x)
	f(x) = a/exp(x*b)
fitted parameters initialized with current variable values

iter      chisq       delta/lim  lambda   a             b            
   0 1.3318720103e+03   0.00e+00  6.90e-01    1.000000e+00   1.000000e-04
   6 2.6460020535e+00  -1.82e-02  6.90e-07    1.920912e+01   2.432348e-03

After 6 iterations the fit converged.
final sum of squares of residuals : 2.646
rel. change during last iteration : -1.81597e-07

degrees of freedom    (FIT_NDF)                        : 7
rms of residuals      (FIT_STDFIT) = sqrt(WSSR/ndf)    : 0.614817
variance of residuals (reduced chisquare) = WSSR/ndf   : 0.378

Final set of parameters            Asymptotic Standard Error
=======================            ==========================
a               = 19.2091          +/- 0.3909       (2.035%)
b               = 0.00243235       +/- 0.00013      (5.344%)

correlation matrix of the fit parameters:
                a      b      
a               1.000 
b               0.636  1.000 


*******************************************************************************
Wed Oct 12 21:23:41 2016


FIT:    data read from 'MHA.dat'
        format = z
        x range restricted to [0.00000 : 800.000]
        #datapoints = 9
        residuals are weighted equally (unit weight)

function used for fitting: f(x)
	f(x) = a/exp(x*b)
fitted parameters initialized with current variable values

iter      chisq       delta/lim  lambda   a             b            
   0 1.3318720103e+03   0.00e+00  6.90e-01    1.000000e+00   1.000000e-04
   6 2.6460020535e+00  -1.82e-02  6.90e-07    1.920912e+01   2.432348e-03

After 6 iterations the fit converged.
final sum of squares of residuals : 2.646
rel. change during last iteration : -1.81597e-07

degrees of freedom    (FIT_NDF)                        : 7
rms of residuals      (FIT_STDFIT) = sqrt(WSSR/ndf)    : 0.614817
variance of residuals (reduced chisquare) = WSSR/ndf   : 0.378

Final set of parameters            Asymptotic Standard Error
=======================            ==========================
a               = 19.2091          +/- 0.3909       (2.035%)
b               = 0.00243235       +/- 0.00013      (5.344%)

correlation matrix of the fit parameters:
                a      b      
a               1.000 
b               0.636  1.000 


*******************************************************************************
Wed Oct 12 21:23:54 2016


FIT:    data read from 'MHA.dat'
        format = z
        x range restricted to [0.00000 : 800.000]
        #datapoints = 9
        residuals are weighted equally (unit weight)

function used for fitting: f(x)
	f(x) = a/exp(x*b)
fitted parameters initialized with current variable values

iter      chisq       delta/lim  lambda   a             b            
   0 1.3318720103e+03   0.00e+00  6.90e-01    1.000000e+00   1.000000e-04
   6 2.6460020535e+00  -1.82e-02  6.90e-07    1.920912e+01   2.432348e-03

After 6 iterations the fit converged.
final sum of squares of residuals : 2.646
rel. change during last iteration : -1.81597e-07

degrees of freedom    (FIT_NDF)                        : 7
rms of residuals      (FIT_STDFIT) = sqrt(WSSR/ndf)    : 0.614817
variance of residuals (reduced chisquare) = WSSR/ndf   : 0.378

Final set of parameters            Asymptotic Standard Error
=======================            ==========================
a               = 19.2091          +/- 0.3909       (2.035%)
b               = 0.00243235       +/- 0.00013      (5.344%)

correlation matrix of the fit parameters:
                a      b      
a               1.000 
b               0.636  1.000 


*******************************************************************************
Wed Oct 12 21:24:48 2016


FIT:    data read from 'MHA.dat'
        format = z
        x range restricted to [0.00000 : 800.000]
        #datapoints = 9
        residuals are weighted equally (unit weight)

function used for fitting: f(x)
	f(x) = a/exp(x*b)
fitted parameters initialized with current variable values

iter      chisq       delta/lim  lambda   a             b            
   0 1.3318720103e+03   0.00e+00  6.90e-01    1.000000e+00   1.000000e-04
   6 2.6460020535e+00  -1.82e-02  6.90e-07    1.920912e+01   2.432348e-03

After 6 iterations the fit converged.
final sum of squares of residuals : 2.646
rel. change during last iteration : -1.81597e-07

degrees of freedom    (FIT_NDF)                        : 7
rms of residuals      (FIT_STDFIT) = sqrt(WSSR/ndf)    : 0.614817
variance of residuals (reduced chisquare) = WSSR/ndf   : 0.378

Final set of parameters            Asymptotic Standard Error
=======================            ==========================
a               = 19.2091          +/- 0.3909       (2.035%)
b               = 0.00243235       +/- 0.00013      (5.344%)

correlation matrix of the fit parameters:
                a      b      
a               1.000 
b               0.636  1.000 


*******************************************************************************
Wed Oct 12 21:25:37 2016


FIT:    data read from 'MHA.dat'
        format = z
        x range restricted to [-5.00000 : 800.000]
        #datapoints = 9
        residuals are weighted equally (unit weight)

function used for fitting: f(x)
	f(x) = a/exp(x*b)
fitted parameters initialized with current variable values

iter      chisq       delta/lim  lambda   a             b            
   0 1.3318720103e+03   0.00e+00  6.90e-01    1.000000e+00   1.000000e-04
   6 2.6460020535e+00  -1.82e-02  6.90e-07    1.920912e+01   2.432348e-03

After 6 iterations the fit converged.
final sum of squares of residuals : 2.646
rel. change during last iteration : -1.81597e-07

degrees of freedom    (FIT_NDF)                        : 7
rms of residuals      (FIT_STDFIT) = sqrt(WSSR/ndf)    : 0.614817
variance of residuals (reduced chisquare) = WSSR/ndf   : 0.378

Final set of parameters            Asymptotic Standard Error
=======================            ==========================
a               = 19.2091          +/- 0.3909       (2.035%)
b               = 0.00243235       +/- 0.00013      (5.344%)

correlation matrix of the fit parameters:
                a      b      
a               1.000 
b               0.636  1.000 


*******************************************************************************
Wed Oct 12 21:25:42 2016


FIT:    data read from 'MHA.dat'
        format = z
        x range restricted to [-2.00000 : 800.000]
        #datapoints = 9
        residuals are weighted equally (unit weight)

function used for fitting: f(x)
	f(x) = a/exp(x*b)
fitted parameters initialized with current variable values

iter      chisq       delta/lim  lambda   a             b            
   0 1.3318720103e+03   0.00e+00  6.90e-01    1.000000e+00   1.000000e-04
   6 2.6460020535e+00  -1.82e-02  6.90e-07    1.920912e+01   2.432348e-03

After 6 iterations the fit converged.
final sum of squares of residuals : 2.646
rel. change during last iteration : -1.81597e-07

degrees of freedom    (FIT_NDF)                        : 7
rms of residuals      (FIT_STDFIT) = sqrt(WSSR/ndf)    : 0.614817
variance of residuals (reduced chisquare) = WSSR/ndf   : 0.378

Final set of parameters            Asymptotic Standard Error
=======================            ==========================
a               = 19.2091          +/- 0.3909       (2.035%)
b               = 0.00243235       +/- 0.00013      (5.344%)

correlation matrix of the fit parameters:
                a      b      
a               1.000 
b               0.636  1.000 


*******************************************************************************
Wed Oct 12 21:26:16 2016


FIT:    data read from 'MHA.dat'
        format = z
        x range restricted to [-2.00000 : 800.000]
        #datapoints = 9
        residuals are weighted equally (unit weight)

function used for fitting: f(x)
	f(x) = a/exp(x*b)
fitted parameters initialized with current variable values

iter      chisq       delta/lim  lambda   a             b            
   0 1.3318720103e+03   0.00e+00  6.90e-01    1.000000e+00   1.000000e-04
   6 2.6460020535e+00  -1.82e-02  6.90e-07    1.920912e+01   2.432348e-03

After 6 iterations the fit converged.
final sum of squares of residuals : 2.646
rel. change during last iteration : -1.81597e-07

degrees of freedom    (FIT_NDF)                        : 7
rms of residuals      (FIT_STDFIT) = sqrt(WSSR/ndf)    : 0.614817
variance of residuals (reduced chisquare) = WSSR/ndf   : 0.378

Final set of parameters            Asymptotic Standard Error
=======================            ==========================
a               = 19.2091          +/- 0.3909       (2.035%)
b               = 0.00243235       +/- 0.00013      (5.344%)

correlation matrix of the fit parameters:
                a      b      
a               1.000 
b               0.636  1.000 


*******************************************************************************
Wed Oct 12 21:26:43 2016


FIT:    data read from 'MHA.dat'
        format = z
        x range restricted to [-5.00000 : 800.000]
        #datapoints = 9
        residuals are weighted equally (unit weight)

function used for fitting: f(x)
	f(x) = a/exp(x*b)
fitted parameters initialized with current variable values

iter      chisq       delta/lim  lambda   a             b            
   0 1.3318720103e+03   0.00e+00  6.90e-01    1.000000e+00   1.000000e-04
   6 2.6460020535e+00  -1.82e-02  6.90e-07    1.920912e+01   2.432348e-03

After 6 iterations the fit converged.
final sum of squares of residuals : 2.646
rel. change during last iteration : -1.81597e-07

degrees of freedom    (FIT_NDF)                        : 7
rms of residuals      (FIT_STDFIT) = sqrt(WSSR/ndf)    : 0.614817
variance of residuals (reduced chisquare) = WSSR/ndf   : 0.378

Final set of parameters            Asymptotic Standard Error
=======================            ==========================
a               = 19.2091          +/- 0.3909       (2.035%)
b               = 0.00243235       +/- 0.00013      (5.344%)

correlation matrix of the fit parameters:
                a      b      
a               1.000 
b               0.636  1.000 


*******************************************************************************
Wed Oct 12 22:58:41 2016


FIT:    data read from 'MHA.dat'
        format = z
        x range restricted to [-5.00000 : 800.000]
        #datapoints = 9
        residuals are weighted equally (unit weight)

function used for fitting: f(x)
	f(x) = a/exp(x*b)
fitted parameters initialized with current variable values

iter      chisq       delta/lim  lambda   a             b            
   0 1.3318720103e+03   0.00e+00  6.90e-01    1.000000e+00   1.000000e-04
   6 2.6460020535e+00  -1.82e-02  6.90e-07    1.920912e+01   2.432348e-03

After 6 iterations the fit converged.
final sum of squares of residuals : 2.646
rel. change during last iteration : -1.81597e-07

degrees of freedom    (FIT_NDF)                        : 7
rms of residuals      (FIT_STDFIT) = sqrt(WSSR/ndf)    : 0.614817
variance of residuals (reduced chisquare) = WSSR/ndf   : 0.378

Final set of parameters            Asymptotic Standard Error
=======================            ==========================
a               = 19.2091          +/- 0.3909       (2.035%)
b               = 0.00243235       +/- 0.00013      (5.344%)

correlation matrix of the fit parameters:
                a      b      
a               1.000 
b               0.636  1.000 


*******************************************************************************
Wed Oct 12 22:59:33 2016


FIT:    data read from 'MHA.dat'
        format = z
        x range restricted to [-5.00000 : 800.000]
        #datapoints = 9
        residuals are weighted equally (unit weight)

function used for fitting: f(x)
	f(x) = a/exp(x*b)
fitted parameters initialized with current variable values

iter      chisq       delta/lim  lambda   a             b            
   0 1.3318720103e+03   0.00e+00  6.90e-01    1.000000e+00   1.000000e-04
   6 2.6460020535e+00  -1.82e-02  6.90e-07    1.920912e+01   2.432348e-03

After 6 iterations the fit converged.
final sum of squares of residuals : 2.646
rel. change during last iteration : -1.81597e-07

degrees of freedom    (FIT_NDF)                        : 7
rms of residuals      (FIT_STDFIT) = sqrt(WSSR/ndf)    : 0.614817
variance of residuals (reduced chisquare) = WSSR/ndf   : 0.378

Final set of parameters            Asymptotic Standard Error
=======================            ==========================
a               = 19.2091          +/- 0.3909       (2.035%)
b               = 0.00243235       +/- 0.00013      (5.344%)

correlation matrix of the fit parameters:
                a      b      
a               1.000 
b               0.636  1.000 


*******************************************************************************
Wed Oct 12 23:09:13 2016


FIT:    data read from 'MHA.dat'
        format = z
        #datapoints = 9
        residuals are weighted equally (unit weight)

function used for fitting: f(x)
	f(x) = a/exp(x*b)
fitted parameters initialized with current variable values

iter      chisq       delta/lim  lambda   a             b            
   0 1.3318720103e+03   0.00e+00  6.90e-01    1.000000e+00   1.000000e-04
   6 2.6460020535e+00  -1.82e-02  6.90e-07    1.920912e+01   2.432348e-03

After 6 iterations the fit converged.
final sum of squares of residuals : 2.646
rel. change during last iteration : -1.81597e-07

degrees of freedom    (FIT_NDF)                        : 7
rms of residuals      (FIT_STDFIT) = sqrt(WSSR/ndf)    : 0.614817
variance of residuals (reduced chisquare) = WSSR/ndf   : 0.378

Final set of parameters            Asymptotic Standard Error
=======================            ==========================
a               = 19.2091          +/- 0.3909       (2.035%)
b               = 0.00243235       +/- 0.00013      (5.344%)

correlation matrix of the fit parameters:
                a      b      
a               1.000 
b               0.636  1.000 


*******************************************************************************
Wed Oct 12 23:10:39 2016


FIT:    data read from 'MHA.dat'
        format = z
        x range restricted to [-5.00000 : 800.000]
        #datapoints = 9
        residuals are weighted equally (unit weight)

function used for fitting: f(x)
	f(x) = a/exp(x*b)
fitted parameters initialized with current variable values

iter      chisq       delta/lim  lambda   a             b            
   0 1.3318720103e+03   0.00e+00  6.90e-01    1.000000e+00   1.000000e-04
   6 2.6460020535e+00  -1.82e-02  6.90e-07    1.920912e+01   2.432348e-03

After 6 iterations the fit converged.
final sum of squares of residuals : 2.646
rel. change during last iteration : -1.81597e-07

degrees of freedom    (FIT_NDF)                        : 7
rms of residuals      (FIT_STDFIT) = sqrt(WSSR/ndf)    : 0.614817
variance of residuals (reduced chisquare) = WSSR/ndf   : 0.378

Final set of parameters            Asymptotic Standard Error
=======================            ==========================
a               = 19.2091          +/- 0.3909       (2.035%)
b               = 0.00243235       +/- 0.00013      (5.344%)

correlation matrix of the fit parameters:
                a      b      
a               1.000 
b               0.636  1.000 


*******************************************************************************
Wed Oct 12 23:11:35 2016


FIT:    data read from 'MHA.dat'
        format = z
        x range restricted to [-5.00000 : 800.000]
        #datapoints = 9
        residuals are weighted equally (unit weight)

function used for fitting: f(x)
	f(x) = a/exp(x*b)
fitted parameters initialized with current variable values

iter      chisq       delta/lim  lambda   a             b            
   0 1.3318720103e+03   0.00e+00  6.90e-01    1.000000e+00   1.000000e-04
   6 2.6460020535e+00  -1.82e-02  6.90e-07    1.920912e+01   2.432348e-03

After 6 iterations the fit converged.
final sum of squares of residuals : 2.646
rel. change during last iteration : -1.81597e-07

degrees of freedom    (FIT_NDF)                        : 7
rms of residuals      (FIT_STDFIT) = sqrt(WSSR/ndf)    : 0.614817
variance of residuals (reduced chisquare) = WSSR/ndf   : 0.378

Final set of parameters            Asymptotic Standard Error
=======================            ==========================
a               = 19.2091          +/- 0.3909       (2.035%)
b               = 0.00243235       +/- 0.00013      (5.344%)

correlation matrix of the fit parameters:
                a      b      
a               1.000 
b               0.636  1.000 


*******************************************************************************
Thu Oct 13 01:50:46 2016


FIT:    data read from 'MHA.dat'
        format = z
        x range restricted to [-5.00000 : 800.000]
        #datapoints = 9
        residuals are weighted equally (unit weight)

function used for fitting: f(x)
	f(x) = a/exp(x*b)
fitted parameters initialized with current variable values

iter      chisq       delta/lim  lambda   a             b            
   0 1.3318720103e+03   0.00e+00  6.90e-01    1.000000e+00   1.000000e-04
   6 2.6460020535e+00  -1.82e-02  6.90e-07    1.920912e+01   2.432348e-03

After 6 iterations the fit converged.
final sum of squares of residuals : 2.646
rel. change during last iteration : -1.81597e-07

degrees of freedom    (FIT_NDF)                        : 7
rms of residuals      (FIT_STDFIT) = sqrt(WSSR/ndf)    : 0.614817
variance of residuals (reduced chisquare) = WSSR/ndf   : 0.378

Final set of parameters            Asymptotic Standard Error
=======================            ==========================
a               = 19.2091          +/- 0.3909       (2.035%)
b               = 0.00243235       +/- 0.00013      (5.344%)

correlation matrix of the fit parameters:
                a      b      
a               1.000 
b               0.636  1.000 


*******************************************************************************
Thu Oct 13 01:51:30 2016


FIT:    data read from 'MHA.dat'
        format = z
        x range restricted to [-5.00000 : 800.000]
        #datapoints = 9
        residuals are weighted equally (unit weight)

function used for fitting: f(x)
	f(x) = a/exp(x*b)
fitted parameters initialized with current variable values

iter      chisq       delta/lim  lambda   a             b            
   0 1.3318720103e+03   0.00e+00  6.90e-01    1.000000e+00   1.000000e-04
   6 2.6460020535e+00  -1.82e-02  6.90e-07    1.920912e+01   2.432348e-03

After 6 iterations the fit converged.
final sum of squares of residuals : 2.646
rel. change during last iteration : -1.81597e-07

degrees of freedom    (FIT_NDF)                        : 7
rms of residuals      (FIT_STDFIT) = sqrt(WSSR/ndf)    : 0.614817
variance of residuals (reduced chisquare) = WSSR/ndf   : 0.378

Final set of parameters            Asymptotic Standard Error
=======================            ==========================
a               = 19.2091          +/- 0.3909       (2.035%)
b               = 0.00243235       +/- 0.00013      (5.344%)

correlation matrix of the fit parameters:
                a      b      
a               1.000 
b               0.636  1.000 


*******************************************************************************
Thu Oct 13 01:51:54 2016


FIT:    data read from 'MHA.dat'
        format = z
        x range restricted to [-5.00000 : 800.000]
        #datapoints = 9
        residuals are weighted equally (unit weight)

function used for fitting: f(x)
	f(x) = a/exp(x*b)
fitted parameters initialized with current variable values

iter      chisq       delta/lim  lambda   a             b            
   0 1.3318720103e+03   0.00e+00  6.90e-01    1.000000e+00   1.000000e-04
   6 2.6460020535e+00  -1.82e-02  6.90e-07    1.920912e+01   2.432348e-03

After 6 iterations the fit converged.
final sum of squares of residuals : 2.646
rel. change during last iteration : -1.81597e-07

degrees of freedom    (FIT_NDF)                        : 7
rms of residuals      (FIT_STDFIT) = sqrt(WSSR/ndf)    : 0.614817
variance of residuals (reduced chisquare) = WSSR/ndf   : 0.378

Final set of parameters            Asymptotic Standard Error
=======================            ==========================
a               = 19.2091          +/- 0.3909       (2.035%)
b               = 0.00243235       +/- 0.00013      (5.344%)

correlation matrix of the fit parameters:
                a      b      
a               1.000 
b               0.636  1.000 


*******************************************************************************
Thu Oct 13 01:52:02 2016


FIT:    data read from 'MHA.dat'
        format = z
        x range restricted to [-5.00000 : 800.000]
        #datapoints = 9
        residuals are weighted equally (unit weight)

function used for fitting: f(x)
	f(x) = a/exp(x*b)
fitted parameters initialized with current variable values

iter      chisq       delta/lim  lambda   a             b            
   0 1.3318720103e+03   0.00e+00  6.90e-01    1.000000e+00   1.000000e-04
   6 2.6460020535e+00  -1.82e-02  6.90e-07    1.920912e+01   2.432348e-03

After 6 iterations the fit converged.
final sum of squares of residuals : 2.646
rel. change during last iteration : -1.81597e-07

degrees of freedom    (FIT_NDF)                        : 7
rms of residuals      (FIT_STDFIT) = sqrt(WSSR/ndf)    : 0.614817
variance of residuals (reduced chisquare) = WSSR/ndf   : 0.378

Final set of parameters            Asymptotic Standard Error
=======================            ==========================
a               = 19.2091          +/- 0.3909       (2.035%)
b               = 0.00243235       +/- 0.00013      (5.344%)

correlation matrix of the fit parameters:
                a      b      
a               1.000 
b               0.636  1.000 


*******************************************************************************
Thu Oct 13 02:02:35 2016


FIT:    data read from 'MHA.dat'
        format = z
        x range restricted to [-5.00000 : 800.000]
        #datapoints = 9
        residuals are weighted equally (unit weight)

function used for fitting: f(x)
	f(x) = a/exp(x*b)
fitted parameters initialized with current variable values

iter      chisq       delta/lim  lambda   a             b            
   0 1.3318720103e+03   0.00e+00  6.90e-01    1.000000e+00   1.000000e-04
   6 2.6460020535e+00  -1.82e-02  6.90e-07    1.920912e+01   2.432348e-03

After 6 iterations the fit converged.
final sum of squares of residuals : 2.646
rel. change during last iteration : -1.81597e-07

degrees of freedom    (FIT_NDF)                        : 7
rms of residuals      (FIT_STDFIT) = sqrt(WSSR/ndf)    : 0.614817
variance of residuals (reduced chisquare) = WSSR/ndf   : 0.378

Final set of parameters            Asymptotic Standard Error
=======================            ==========================
a               = 19.2091          +/- 0.3909       (2.035%)
b               = 0.00243235       +/- 0.00013      (5.344%)

correlation matrix of the fit parameters:
                a      b      
a               1.000 
b               0.636  1.000 


*******************************************************************************
Thu Oct 13 02:02:49 2016


FIT:    data read from 'MHA.dat'
        format = z
        x range restricted to [-5.00000 : 800.000]
        #datapoints = 9
        residuals are weighted equally (unit weight)

function used for fitting: f(x)
	f(x) = a/exp(x*b)
fitted parameters initialized with current variable values

iter      chisq       delta/lim  lambda   a             b            
   0 1.3318720103e+03   0.00e+00  6.90e-01    1.000000e+00   1.000000e-04
   6 2.6460020535e+00  -1.82e-02  6.90e-07    1.920912e+01   2.432348e-03

After 6 iterations the fit converged.
final sum of squares of residuals : 2.646
rel. change during last iteration : -1.81597e-07

degrees of freedom    (FIT_NDF)                        : 7
rms of residuals      (FIT_STDFIT) = sqrt(WSSR/ndf)    : 0.614817
variance of residuals (reduced chisquare) = WSSR/ndf   : 0.378

Final set of parameters            Asymptotic Standard Error
=======================            ==========================
a               = 19.2091          +/- 0.3909       (2.035%)
b               = 0.00243235       +/- 0.00013      (5.344%)

correlation matrix of the fit parameters:
                a      b      
a               1.000 
b               0.636  1.000 


*******************************************************************************
Thu Oct 13 02:03:38 2016


FIT:    data read from 'MHA.dat'
        format = z
        x range restricted to [-5.00000 : 800.000]
        #datapoints = 9
        residuals are weighted equally (unit weight)

function used for fitting: f(x)
	f(x) = a/exp(x*b)
fitted parameters initialized with current variable values

iter      chisq       delta/lim  lambda   a             b            
   0 1.3318720103e+03   0.00e+00  6.90e-01    1.000000e+00   1.000000e-04
   6 2.6460020535e+00  -1.82e-02  6.90e-07    1.920912e+01   2.432348e-03

After 6 iterations the fit converged.
final sum of squares of residuals : 2.646
rel. change during last iteration : -1.81597e-07

degrees of freedom    (FIT_NDF)                        : 7
rms of residuals      (FIT_STDFIT) = sqrt(WSSR/ndf)    : 0.614817
variance of residuals (reduced chisquare) = WSSR/ndf   : 0.378

Final set of parameters            Asymptotic Standard Error
=======================            ==========================
a               = 19.2091          +/- 0.3909       (2.035%)
b               = 0.00243235       +/- 0.00013      (5.344%)

correlation matrix of the fit parameters:
                a      b      
a               1.000 
b               0.636  1.000 


*******************************************************************************
Thu Oct 13 02:29:14 2016


FIT:    data read from 'MHA.dat'
        format = z
        x range restricted to [-5.00000 : 800.000]
        #datapoints = 9
        residuals are weighted equally (unit weight)

function used for fitting: f(x)
	f(x) = a/exp(x*b)
fitted parameters initialized with current variable values

iter      chisq       delta/lim  lambda   a             b            
   0 1.3318720103e+03   0.00e+00  6.90e-01    1.000000e+00   1.000000e-04
   6 2.6460020535e+00  -1.82e-02  6.90e-07    1.920912e+01   2.432348e-03

After 6 iterations the fit converged.
final sum of squares of residuals : 2.646
rel. change during last iteration : -1.81597e-07

degrees of freedom    (FIT_NDF)                        : 7
rms of residuals      (FIT_STDFIT) = sqrt(WSSR/ndf)    : 0.614817
variance of residuals (reduced chisquare) = WSSR/ndf   : 0.378

Final set of parameters            Asymptotic Standard Error
=======================            ==========================
a               = 19.2091          +/- 0.3909       (2.035%)
b               = 0.00243235       +/- 0.00013      (5.344%)

correlation matrix of the fit parameters:
                a      b      
a               1.000 
b               0.636  1.000 


*******************************************************************************
Thu Oct 13 02:32:14 2016


FIT:    data read from 'MHA.dat'
        format = z
        x range restricted to [-5.00000 : 800.000]
        #datapoints = 9
        residuals are weighted equally (unit weight)

function used for fitting: f(x)
	f(x) = a/exp(x*b)
fitted parameters initialized with current variable values

iter      chisq       delta/lim  lambda   a             b            
   0 1.3318720103e+03   0.00e+00  6.90e-01    1.000000e+00   1.000000e-04
   6 2.6460020535e+00  -1.82e-02  6.90e-07    1.920912e+01   2.432348e-03

After 6 iterations the fit converged.
final sum of squares of residuals : 2.646
rel. change during last iteration : -1.81597e-07

degrees of freedom    (FIT_NDF)                        : 7
rms of residuals      (FIT_STDFIT) = sqrt(WSSR/ndf)    : 0.614817
variance of residuals (reduced chisquare) = WSSR/ndf   : 0.378

Final set of parameters            Asymptotic Standard Error
=======================            ==========================
a               = 19.2091          +/- 0.3909       (2.035%)
b               = 0.00243235       +/- 0.00013      (5.344%)

correlation matrix of the fit parameters:
                a      b      
a               1.000 
b               0.636  1.000 


*******************************************************************************
Thu Oct 13 02:32:43 2016


FIT:    data read from 'MHA.dat'
        format = z
        x range restricted to [-5.00000 : 800.000]
        #datapoints = 9
        residuals are weighted equally (unit weight)

function used for fitting: f(x)
	f(x) = a/exp(x*b)
fitted parameters initialized with current variable values

iter      chisq       delta/lim  lambda   a             b            
   0 1.3318720103e+03   0.00e+00  6.90e-01    1.000000e+00   1.000000e-04
   6 2.6460020535e+00  -1.82e-02  6.90e-07    1.920912e+01   2.432348e-03

After 6 iterations the fit converged.
final sum of squares of residuals : 2.646
rel. change during last iteration : -1.81597e-07

degrees of freedom    (FIT_NDF)                        : 7
rms of residuals      (FIT_STDFIT) = sqrt(WSSR/ndf)    : 0.614817
variance of residuals (reduced chisquare) = WSSR/ndf   : 0.378

Final set of parameters            Asymptotic Standard Error
=======================            ==========================
a               = 19.2091          +/- 0.3909       (2.035%)
b               = 0.00243235       +/- 0.00013      (5.344%)

correlation matrix of the fit parameters:
                a      b      
a               1.000 
b               0.636  1.000 


*******************************************************************************
Thu Oct 13 02:33:09 2016


FIT:    data read from 'MHA.dat'
        format = z
        x range restricted to [-5.00000 : 800.000]
        #datapoints = 9
        residuals are weighted equally (unit weight)

function used for fitting: f(x)
	f(x) = a/exp(x*b)
fitted parameters initialized with current variable values

iter      chisq       delta/lim  lambda   a             b            
   0 1.3318720103e+03   0.00e+00  6.90e-01    1.000000e+00   1.000000e-04
   6 2.6460020535e+00  -1.82e-02  6.90e-07    1.920912e+01   2.432348e-03

After 6 iterations the fit converged.
final sum of squares of residuals : 2.646
rel. change during last iteration : -1.81597e-07

degrees of freedom    (FIT_NDF)                        : 7
rms of residuals      (FIT_STDFIT) = sqrt(WSSR/ndf)    : 0.614817
variance of residuals (reduced chisquare) = WSSR/ndf   : 0.378

Final set of parameters            Asymptotic Standard Error
=======================            ==========================
a               = 19.2091          +/- 0.3909       (2.035%)
b               = 0.00243235       +/- 0.00013      (5.344%)

correlation matrix of the fit parameters:
                a      b      
a               1.000 
b               0.636  1.000 


*******************************************************************************
Thu Oct 13 02:33:18 2016


FIT:    data read from 'MHA.dat'
        format = z
        x range restricted to [-5.00000 : 800.000]
        #datapoints = 9
        residuals are weighted equally (unit weight)

function used for fitting: f(x)
	f(x) = a/exp(x*b)
fitted parameters initialized with current variable values

iter      chisq       delta/lim  lambda   a             b            
   0 1.3318720103e+03   0.00e+00  6.90e-01    1.000000e+00   1.000000e-04
   6 2.6460020535e+00  -1.82e-02  6.90e-07    1.920912e+01   2.432348e-03

After 6 iterations the fit converged.
final sum of squares of residuals : 2.646
rel. change during last iteration : -1.81597e-07

degrees of freedom    (FIT_NDF)                        : 7
rms of residuals      (FIT_STDFIT) = sqrt(WSSR/ndf)    : 0.614817
variance of residuals (reduced chisquare) = WSSR/ndf   : 0.378

Final set of parameters            Asymptotic Standard Error
=======================            ==========================
a               = 19.2091          +/- 0.3909       (2.035%)
b               = 0.00243235       +/- 0.00013      (5.344%)

correlation matrix of the fit parameters:
                a      b      
a               1.000 
b               0.636  1.000 


*******************************************************************************
Thu Oct 13 02:33:33 2016


FIT:    data read from 'MHA.dat'
        format = z
        x range restricted to [-5.00000 : 800.000]
        #datapoints = 9
        residuals are weighted equally (unit weight)

function used for fitting: f(x)
	f(x) = a/exp(x*b)
fitted parameters initialized with current variable values

iter      chisq       delta/lim  lambda   a             b            
   0 1.3318720103e+03   0.00e+00  6.90e-01    1.000000e+00   1.000000e-04
   6 2.6460020535e+00  -1.82e-02  6.90e-07    1.920912e+01   2.432348e-03

After 6 iterations the fit converged.
final sum of squares of residuals : 2.646
rel. change during last iteration : -1.81597e-07

degrees of freedom    (FIT_NDF)                        : 7
rms of residuals      (FIT_STDFIT) = sqrt(WSSR/ndf)    : 0.614817
variance of residuals (reduced chisquare) = WSSR/ndf   : 0.378

Final set of parameters            Asymptotic Standard Error
=======================            ==========================
a               = 19.2091          +/- 0.3909       (2.035%)
b               = 0.00243235       +/- 0.00013      (5.344%)

correlation matrix of the fit parameters:
                a      b      
a               1.000 
b               0.636  1.000 
